<?xml version="1.0" encoding="UTF-8"?>
<testng-results skipped="0" failed="0" total="1" passed="1">
  <reporter-output>
  </reporter-output>
  <suite name="suite1" duration-ms="18" started-at="2020-04-02T02:56:52Z" finished-at="2020-04-02T02:56:52Z">
    <groups>
    </groups>
    <test name="baidutest" duration-ms="18" started-at="2020-04-02T02:56:52Z" finished-at="2020-04-02T02:56:52Z">
      <class name="com.app.AutoTest.TestDemo">
        <test-method status="PASS" signature="f()[pri:0, instance:com.app.AutoTest.TestDemo@19dfb72a]" name="f" duration-ms="6" started-at="2020-04-02T10:56:52Z" finished-at="2020-04-02T10:56:52Z">
          <reporter-output>
          </reporter-output>
        </test-method> <!-- f -->
      </class> <!-- com.app.AutoTest.TestDemo -->
    </test> <!-- baidutest -->
  </suite> <!-- suite1 -->
</testng-results>
