<?xml version="1.0" encoding="UTF-8"?>
<testng-results skipped="0" failed="0" total="1" passed="1">
  <reporter-output>
  </reporter-output>
  <suite name="suite1" duration-ms="19" started-at="2020-04-02T10:59:23Z" finished-at="2020-04-02T10:59:23Z">
    <groups>
    </groups>
    <test name="baidutest" duration-ms="19" started-at="2020-04-02T10:59:23Z" finished-at="2020-04-02T10:59:23Z">
      <class name="com.app.AutoTest.TestDemo">
        <test-method status="PASS" signature="f(java.lang.String)[pri:0, instance:com.app.AutoTest.TestDemo@59a6e353]" name="f" duration-ms="6" started-at="2020-04-02T18:59:23Z" finished-at="2020-04-02T18:59:23Z">
          <params>
            <param index="0">
              <value>
                <![CDATA[string]]>
              </value>
            </param>
          </params>
          <reporter-output>
          </reporter-output>
        </test-method> <!-- f -->
      </class> <!-- com.app.AutoTest.TestDemo -->
    </test> <!-- baidutest -->
  </suite> <!-- suite1 -->
</testng-results>
