<?xml version="1.0" encoding="UTF-8"?>
<testng-results skipped="0" failed="1" total="1" passed="0">
  <reporter-output>
  </reporter-output>
  <suite name="suite1" duration-ms="19" started-at="2020-04-02T10:54:08Z" finished-at="2020-04-02T10:54:08Z">
    <groups>
    </groups>
    <test name="baidutest" duration-ms="19" started-at="2020-04-02T10:54:08Z" finished-at="2020-04-02T10:54:08Z">
      <class name="com.app.AutoTest.TestDemo">
        <test-method status="FAIL" signature="f(java.lang.String)[pri:0, instance:com.app.AutoTest.TestDemo@23ceabc1]" name="f" duration-ms="0" started-at="2020-04-02T18:54:08Z" finished-at="2020-04-02T18:54:08Z">
          <exception class="org.testng.TestNGException">
            <message>
              <![CDATA[
Parameter 'String' is required by @Test on method f but has not been marked @Optional or defined
in C:\Users\tsz\git\AutoTest\testng.xml]]>
            </message>
            <full-stacktrace>
              <![CDATA[org.testng.TestNGException: 
Parameter 'String' is required by @Test on method f but has not been marked @Optional or defined
in C:\Users\tsz\git\AutoTest\testng.xml
	at org.testng.internal.Parameters.createParameters(Parameters.java:155)
	at org.testng.internal.Parameters.createParameters(Parameters.java:358)
	at org.testng.internal.Parameters.handleParameters(Parameters.java:450)
	at org.testng.internal.Invoker.handleParameters(Invoker.java:1383)
	at org.testng.internal.Invoker.createParameters(Invoker.java:1075)
	at org.testng.internal.Invoker.invokeTestMethods(Invoker.java:1180)
	at org.testng.internal.TestMethodWorker.invokeTestMethods(TestMethodWorker.java:127)
	at org.testng.internal.TestMethodWorker.run(TestMethodWorker.java:111)
	at org.testng.TestRunner.privateRun(TestRunner.java:767)
	at org.testng.TestRunner.run(TestRunner.java:617)
	at org.testng.SuiteRunner.runTest(SuiteRunner.java:334)
	at org.testng.SuiteRunner.runSequentially(SuiteRunner.java:329)
	at org.testng.SuiteRunner.privateRun(SuiteRunner.java:291)
	at org.testng.SuiteRunner.run(SuiteRunner.java:240)
	at org.testng.SuiteRunnerWorker.runSuite(SuiteRunnerWorker.java:52)
	at org.testng.SuiteRunnerWorker.run(SuiteRunnerWorker.java:86)
	at org.testng.TestNG.runSuitesSequentially(TestNG.java:1224)
	at org.testng.TestNG.runSuitesLocally(TestNG.java:1149)
	at org.testng.TestNG.run(TestNG.java:1057)
	at org.testng.remote.AbstractRemoteTestNG.run(AbstractRemoteTestNG.java:115)
	at org.testng.remote.RemoteTestNG.initAndRun(RemoteTestNG.java:251)
	at org.testng.remote.RemoteTestNG.main(RemoteTestNG.java:77)
]]>
            </full-stacktrace>
          </exception> <!-- org.testng.TestNGException -->
          <reporter-output>
          </reporter-output>
        </test-method> <!-- f -->
      </class> <!-- com.app.AutoTest.TestDemo -->
    </test> <!-- baidutest -->
  </suite> <!-- suite1 -->
</testng-results>
